<?xml version="1.0" encoding="UTF-8"?>
<!-- Generated by org.testng.reporters.JUnitReportReporter -->
<testsuite hostname="DESKTOP-AHNKB2N" failures="0" tests="4" name="tests.LoginTest" time="27.845" errors="0" timestamp="19 Jun. 2021 14:32:10 GMT" skipped="0">
  <testcase classname="tests.LoginTest" name="loginWithEmptyEmailTest" time="6.602"/>
  <testcase classname="tests.LoginTest" name="loginWithEmptyPasswordTest" time="6.842"/>
  <testcase classname="tests.LoginTest" name="loginWithInvalidEmailTest" time="7.464"/>
  <testcase classname="tests.LoginTest" name="loginWithWrongEmailPasswordTest" time="6.937"/>
</testsuite> <!-- tests.LoginTest -->
